Using pre-set license
Built from '2020.3/staging' branch; Version is '2020.3.13f1 (71691879b7f5) revision 7432472'; Using compiler version '192528614'; Build Type 'Release'
OS: 'Windows 10 Pro; OS build 19043.1237; Version 2009; 64bit' Language: 'en' Physical Memory: 8078 MB
BatchMode: 1, IsHumanControllingUs: 0, StartBugReporterOnCrash: 0, Is64bit: 1, IsPro: 0

 COMMAND LINE ARGUMENTS:
C:\Program Files\Unity\Hub\Editor\2019.4.9f1\Editor\Unity.exe
-adb2
-batchMode
-noUpm
-name
AssetImportWorker0
-projectPath
C:/Users/22tross/Documents/GitHub/Jr-Programmer-Project
-logFile
Logs/AssetImportWorker0.log
-srvPort
63673
Successfully changed project path to: C:/Users/22tross/Documents/GitHub/Jr-Programmer-Project
C:/Users/22tross/Documents/GitHub/Jr-Programmer-Project
Using Asset Import Pipeline V2.
Refreshing native plugins compatible for Editor in 63.50 ms, found 2 plugins.
Preloading 0 native plugins for Editor in 0.00 ms.
Initialize engine version: 2020.3.13f1 (71691879b7f5)
[Subsystems] Discovering subsystems at path C:/Program Files/Unity/Hub/Editor/2019.4.9f1/Editor/Data/Resources/UnitySubsystems
[Subsystems] Discovering subsystems at path C:/Users/22tross/Documents/GitHub/Jr-Programmer-Project/Assets
GfxDevice: creating device client; threaded=0
Direct3D:
    Version:  Direct3D 11.0 [level 11.0]
    Renderer: Intel(R) HD Graphics 4000 (ID=0x162)
    Vendor:   
    VRAM:     128 MB
    Driver:   10.18.10.4425
Shader 'Universal Render Pipeline/Particles/Lit': fallback shader 'Universal Render Pipeline/Particles/SimpleLit' not found
Initialize mono
Mono path[0] = 'C:/Program Files/Unity/Hub/Editor/2019.4.9f1/Editor/Data/Managed'
Mono path[1] = 'C:/Program Files/Unity/Hub/Editor/2019.4.9f1/Editor/Data/MonoBleedingEdge/lib/mono/unityjit'
Mono config path = 'C:/Program Files/Unity/Hub/Editor/2019.4.9f1/Editor/Data/MonoBleedingEdge/etc'
Using monoOptions --debugger-agent=transport=dt_socket,embedding=1,server=y,suspend=n,address=127.0.0.1:56732
Begin MonoManager ReloadAssembly
Registering precompiled unity dll's ...
Register platform support module: C:/Program Files/Unity/Hub/Editor/2019.4.9f1/Editor/Data/PlaybackEngines/WindowsStandaloneSupport/UnityEditor.WindowsStandalone.Extensions.dll
Registered in 0.002473 seconds.
Native extension for WindowsStandalone target not found
Refreshing native plugins compatible for Editor in 62.59 ms, found 2 plugins.
Preloading 0 native plugins for Editor in 0.00 ms.
Mono: successfully reloaded assembly
- Completed reload, in  1.278 seconds
Platform modules already initialized, skipping
Registering precompiled user dll's ...
Registered in 0.006266 seconds.
Begin MonoManager ReloadAssembly
Native extension for WindowsStandalone target not found
Refreshing native plugins compatible for Editor in 64.35 ms, found 2 plugins.
Preloading 0 native plugins for Editor in 0.00 ms.
Mono: successfully reloaded assembly
- Completed reload, in  1.416 seconds
Platform modules already initialized, skipping
========================================================================
Worker process is ready to serve import requests
Shader 'Universal Render Pipeline/Particles/Lit': fallback shader 'Universal Render Pipeline/Particles/SimpleLit' not found
Launched and connected shader compiler UnityShaderCompiler.exe after 0.04 seconds
Refreshing native plugins compatible for Editor in 1.00 ms, found 2 plugins.
Preloading 0 native plugins for Editor in 0.00 ms.
Unloading 2743 Unused Serialized files (Serialized files now loaded: 0)
System memory in use before: 123.9 MB.
System memory in use after: 124.1 MB.

Unloading 19 unused Assets to reduce memory usage. Loaded Objects now: 3180.
Total: 3.322700 ms (FindLiveObjects: 0.363600 ms CreateObjectMapping: 0.258000 ms MarkObjects: 2.599000 ms  DeleteObjects: 0.100100 ms)

AssetImportParameters requested are different than current active one (requested -> active):
  custom:framework-win-MediaFoundation: 216162199b28c13a410421893ffa2e32 -> 
  custom:video-decoder-ogg-theora: a1e56fd34408186e4bbccfd4996cb3dc -> 
  custom:container-muxer-webm: aa71ff27fc2769a1b78a27578f13a17b -> 
  custom:container-demuxer-webm: 4f35f7cbe854078d1ac9338744f61a02 -> 
  custom:container-demuxer-ogg: 62fdf1f143b41e24485cea50d1cbac27 -> 
  custom:video-encoder-webm-vp8: eb34c28f22e8b96e1ab97ce403110664 -> 
  custom:video-decoder-webm-vp8: 9c59270c3fd7afecdb556c50c9e8de78 -> 
  custom:audio-decoder-ogg-vorbis: bf7c407c2cedff20999df2af8eb42d56 -> 
  custom:audio-encoder-webm-vorbis: bf7c407c2cedff20999df2af8eb42d56 -> 
========================================================================
Received Import Request.
  path: Assets/Scripts/UserControl.cs
  artifactKey: Guid(199e5487dc20dbe4b906a0f91f07d50e) Importer(815301076,1909f56bfc062723c751e8b465ee728b)
Start importing Assets/Scripts/UserControl.cs using Guid(199e5487dc20dbe4b906a0f91f07d50e) Importer(815301076,1909f56bfc062723c751e8b465ee728b)  -> (artifact id: '1df3769368c526969c0616e10c027b69') in 0.037046 seconds 
  Import took 0.042857 seconds .

========================================================================
Received Import Request.
  Time since last request: 175.375787 seconds.
  path: Assets/Scenes/Menu.unity
  artifactKey: Guid(ae666798a74d3a5488e0c0ec42a1265d) Importer(815301076,1909f56bfc062723c751e8b465ee728b)
Start importing Assets/Scenes/Menu.unity using Guid(ae666798a74d3a5488e0c0ec42a1265d) Importer(815301076,1909f56bfc062723c751e8b465ee728b)  -> (artifact id: '515f379b3169e9ee7ae822864d4b0f5b') in 0.020685 seconds 
  Import took 0.028958 seconds .

========================================================================
Received Prepare
Registering precompiled user dll's ...
Registered in 0.005932 seconds.
Begin MonoManager ReloadAssembly
Native extension for WindowsStandalone target not found
Refreshing native plugins compatible for Editor in 0.61 ms, found 2 plugins.
Preloading 0 native plugins for Editor in 0.00 ms.
Mono: successfully reloaded assembly
- Completed reload, in  1.270 seconds
Platform modules already initialized, skipping
Shader 'Universal Render Pipeline/Particles/Lit': fallback shader 'Universal Render Pipeline/Particles/SimpleLit' not found
Refreshing native plugins compatible for Editor in 0.65 ms, found 2 plugins.
Preloading 0 native plugins for Editor in 0.00 ms.
Unloading 2634 Unused Serialized files (Serialized files now loaded: 0)
System memory in use before: 116.9 MB.
System memory in use after: 117.1 MB.

Unloading 14 unused Assets to reduce memory usage. Loaded Objects now: 3183.
Total: 3.199900 ms (FindLiveObjects: 0.321200 ms CreateObjectMapping: 0.240300 ms MarkObjects: 2.595100 ms  DeleteObjects: 0.042300 ms)

AssetImportParameters requested are different than current active one (requested -> active):
  custom:framework-win-MediaFoundation: 216162199b28c13a410421893ffa2e32 -> 
  custom:video-decoder-ogg-theora: a1e56fd34408186e4bbccfd4996cb3dc -> 
  custom:container-muxer-webm: aa71ff27fc2769a1b78a27578f13a17b -> 
  custom:container-demuxer-webm: 4f35f7cbe854078d1ac9338744f61a02 -> 
  custom:container-demuxer-ogg: 62fdf1f143b41e24485cea50d1cbac27 -> 
  custom:video-encoder-webm-vp8: eb34c28f22e8b96e1ab97ce403110664 -> 
  custom:video-decoder-webm-vp8: 9c59270c3fd7afecdb556c50c9e8de78 -> 
  custom:audio-decoder-ogg-vorbis: bf7c407c2cedff20999df2af8eb42d56 -> 
  custom:audio-encoder-webm-vorbis: bf7c407c2cedff20999df2af8eb42d56 -> 
========================================================================
Received Import Request.
  Time since last request: 68.478351 seconds.
  path: Assets/Scripts/UI
  artifactKey: Guid(06a06f30899a2a24e92a0ee46b8241be) Importer(815301076,1909f56bfc062723c751e8b465ee728b)
Start importing Assets/Scripts/UI using Guid(06a06f30899a2a24e92a0ee46b8241be) Importer(815301076,1909f56bfc062723c751e8b465ee728b)  -> (artifact id: 'baa7e6cc9be4c0dbdb94069d587631b8') in 0.013439 seconds 
  Import took 0.019479 seconds .

========================================================================
Received Import Request.
  Time since last request: 1.053047 seconds.
  path: Assets/Scripts/UI/ContentEntry.cs
  artifactKey: Guid(c46e4c595fb12784a9963914471b0416) Importer(815301076,1909f56bfc062723c751e8b465ee728b)
Start importing Assets/Scripts/UI/ContentEntry.cs using Guid(c46e4c595fb12784a9963914471b0416) Importer(815301076,1909f56bfc062723c751e8b465ee728b)  -> (artifact id: '39c532c370763154059cbe8dada55943') in 0.008442 seconds 
  Import took 0.014768 seconds .

========================================================================
Received Import Request.
  Time since last request: 3.641050 seconds.
  path: Assets/Scripts/UI/InfoPopup.cs
  artifactKey: Guid(77da56713b97bb240acea93336b7011b) Importer(815301076,1909f56bfc062723c751e8b465ee728b)
Start importing Assets/Scripts/UI/InfoPopup.cs using Guid(77da56713b97bb240acea93336b7011b) Importer(815301076,1909f56bfc062723c751e8b465ee728b)  -> (artifact id: 'eeb03e829b2d1f3f4111c2730bfeaf34') in 0.010829 seconds 
  Import took 0.015973 seconds .

========================================================================
Received Import Request.
  Time since last request: 0.002942 seconds.
  path: Assets/Scripts/UI/InfoPopup.cs
  artifactKey: Guid(77da56713b97bb240acea93336b7011b) Importer(815301076,1909f56bfc062723c751e8b465ee728b)
Start importing Assets/Scripts/UI/InfoPopup.cs using Guid(77da56713b97bb240acea93336b7011b) Importer(815301076,1909f56bfc062723c751e8b465ee728b)  -> (artifact id: 'eeb03e829b2d1f3f4111c2730bfeaf34') in 0.005885 seconds 
  Import took 0.012807 seconds .

========================================================================
Received Import Request.
  Time since last request: 0.436708 seconds.
  path: Assets/Scripts/UI/UIMainScene.cs
  artifactKey: Guid(2e89bb6e6749e044e9a9b103f0ad5bc5) Importer(815301076,1909f56bfc062723c751e8b465ee728b)
Start importing Assets/Scripts/UI/UIMainScene.cs using Guid(2e89bb6e6749e044e9a9b103f0ad5bc5) Importer(815301076,1909f56bfc062723c751e8b465ee728b)  -> (artifact id: 'd4daf707fde7fb8728fdbbf1a312f843') in 0.010789 seconds 
  Import took 0.017136 seconds .

========================================================================
Received Import Request.
  Time since last request: 0.003394 seconds.
  path: Assets/Scripts/UI/UIMainScene.cs
  artifactKey: Guid(2e89bb6e6749e044e9a9b103f0ad5bc5) Importer(815301076,1909f56bfc062723c751e8b465ee728b)
Start importing Assets/Scripts/UI/UIMainScene.cs using Guid(2e89bb6e6749e044e9a9b103f0ad5bc5) Importer(815301076,1909f56bfc062723c751e8b465ee728b)  -> (artifact id: 'd4daf707fde7fb8728fdbbf1a312f843') in 0.005169 seconds 
  Import took 0.011714 seconds .

========================================================================
Received Import Request.
  Time since last request: 33.196668 seconds.
  path: Assets/Scripts/Helpers/AnimatorHandler.cs
  artifactKey: Guid(d9a63ccd0d44a3548afa695c53838fea) Importer(815301076,1909f56bfc062723c751e8b465ee728b)
Start importing Assets/Scripts/Helpers/AnimatorHandler.cs using Guid(d9a63ccd0d44a3548afa695c53838fea) Importer(815301076,1909f56bfc062723c751e8b465ee728b)  -> (artifact id: '53b2a846fb5b20935132ab9c6402087c') in 0.015129 seconds 
  Import took 0.022350 seconds .

========================================================================
Received Import Request.
  Time since last request: 0.003662 seconds.
  path: Assets/Scripts/Helpers/AnimatorHandler.cs
  artifactKey: Guid(d9a63ccd0d44a3548afa695c53838fea) Importer(815301076,1909f56bfc062723c751e8b465ee728b)
Start importing Assets/Scripts/Helpers/AnimatorHandler.cs using Guid(d9a63ccd0d44a3548afa695c53838fea) Importer(815301076,1909f56bfc062723c751e8b465ee728b)  -> (artifact id: '53b2a846fb5b20935132ab9c6402087c') in 0.004346 seconds 
  Import took 0.012439 seconds .

========================================================================
Received Import Request.
  Time since last request: 0.338888 seconds.
  path: Assets/Scripts/Helpers/ColorHandler.cs
  artifactKey: Guid(42691e03fb73de54090e4be70c173690) Importer(815301076,1909f56bfc062723c751e8b465ee728b)
Start importing Assets/Scripts/Helpers/ColorHandler.cs using Guid(42691e03fb73de54090e4be70c173690) Importer(815301076,1909f56bfc062723c751e8b465ee728b)  -> (artifact id: '6ccf55d164d0414f99c2785cdfb631ed') in 0.008895 seconds 
  Import took 0.014150 seconds .

========================================================================
Received Import Request.
  Time since last request: 0.004800 seconds.
  path: Assets/Scripts/Helpers/ColorHandler.cs
  artifactKey: Guid(42691e03fb73de54090e4be70c173690) Importer(815301076,1909f56bfc062723c751e8b465ee728b)
Start importing Assets/Scripts/Helpers/ColorHandler.cs using Guid(42691e03fb73de54090e4be70c173690) Importer(815301076,1909f56bfc062723c751e8b465ee728b)  -> (artifact id: '6ccf55d164d0414f99c2785cdfb631ed') in 0.003384 seconds 
  Import took 0.009909 seconds .

========================================================================
Received Prepare
Registering precompiled user dll's ...
Registered in 0.005597 seconds.
Begin MonoManager ReloadAssembly
Native extension for WindowsStandalone target not found
Refreshing native plugins compatible for Editor in 0.60 ms, found 2 plugins.
Preloading 0 native plugins for Editor in 0.00 ms.
Mono: successfully reloaded assembly
- Completed reload, in  1.318 seconds
Platform modules already initialized, skipping
Shader 'Universal Render Pipeline/Particles/Lit': fallback shader 'Universal Render Pipeline/Particles/SimpleLit' not found
Refreshing native plugins compatible for Editor in 0.81 ms, found 2 plugins.
Preloading 0 native plugins for Editor in 0.00 ms.
Unloading 2634 Unused Serialized files (Serialized files now loaded: 0)
System memory in use before: 117.0 MB.
System memory in use after: 117.2 MB.

Unloading 14 unused Assets to reduce memory usage. Loaded Objects now: 3186.
Total: 2.546200 ms (FindLiveObjects: 0.263600 ms CreateObjectMapping: 0.117000 ms MarkObjects: 2.141600 ms  DeleteObjects: 0.022700 ms)

AssetImportParameters requested are different than current active one (requested -> active):
  custom:framework-win-MediaFoundation: 216162199b28c13a410421893ffa2e32 -> 
  custom:video-decoder-ogg-theora: a1e56fd34408186e4bbccfd4996cb3dc -> 
  custom:container-muxer-webm: aa71ff27fc2769a1b78a27578f13a17b -> 
  custom:container-demuxer-webm: 4f35f7cbe854078d1ac9338744f61a02 -> 
  custom:container-demuxer-ogg: 62fdf1f143b41e24485cea50d1cbac27 -> 
  custom:video-encoder-webm-vp8: eb34c28f22e8b96e1ab97ce403110664 -> 
  custom:video-decoder-webm-vp8: 9c59270c3fd7afecdb556c50c9e8de78 -> 
  custom:audio-decoder-ogg-vorbis: bf7c407c2cedff20999df2af8eb42d56 -> 
  custom:audio-encoder-webm-vorbis: bf7c407c2cedff20999df2af8eb42d56 -> 
========================================================================
Received Import Request.
  Time since last request: 143.944607 seconds.
  path: Assets/Scripts/MenuUIHandler.cs
  artifactKey: Guid(b5fdfdf1c56785947bd9d5830598e09e) Importer(815301076,1909f56bfc062723c751e8b465ee728b)
Start importing Assets/Scripts/MenuUIHandler.cs using Guid(b5fdfdf1c56785947bd9d5830598e09e) Importer(815301076,1909f56bfc062723c751e8b465ee728b)  -> (artifact id: 'eae2e23bc6c9d82e6e3bdba7bad99a98') in 0.010741 seconds 
  Import took 0.015614 seconds .

========================================================================
Received Prepare
Registering precompiled user dll's ...
Registered in 0.007212 seconds.
Begin MonoManager ReloadAssembly
Native extension for WindowsStandalone target not found
Refreshing native plugins compatible for Editor in 0.61 ms, found 2 plugins.
Preloading 0 native plugins for Editor in 0.00 ms.
Mono: successfully reloaded assembly
- Completed reload, in  1.292 seconds
Platform modules already initialized, skipping
Shader 'Universal Render Pipeline/Particles/Lit': fallback shader 'Universal Render Pipeline/Particles/SimpleLit' not found
Refreshing native plugins compatible for Editor in 0.98 ms, found 2 plugins.
Preloading 0 native plugins for Editor in 0.00 ms.
Unloading 2634 Unused Serialized files (Serialized files now loaded: 0)
System memory in use before: 117.0 MB.
System memory in use after: 117.2 MB.

Unloading 14 unused Assets to reduce memory usage. Loaded Objects now: 3189.
Total: 3.514600 ms (FindLiveObjects: 0.363900 ms CreateObjectMapping: 0.273700 ms MarkObjects: 2.832900 ms  DeleteObjects: 0.042600 ms)

AssetImportParameters requested are different than current active one (requested -> active):
  custom:framework-win-MediaFoundation: 216162199b28c13a410421893ffa2e32 -> 
  custom:video-decoder-ogg-theora: a1e56fd34408186e4bbccfd4996cb3dc -> 
  custom:container-muxer-webm: aa71ff27fc2769a1b78a27578f13a17b -> 
  custom:container-demuxer-webm: 4f35f7cbe854078d1ac9338744f61a02 -> 
  custom:container-demuxer-ogg: 62fdf1f143b41e24485cea50d1cbac27 -> 
  custom:video-encoder-webm-vp8: eb34c28f22e8b96e1ab97ce403110664 -> 
  custom:video-decoder-webm-vp8: 9c59270c3fd7afecdb556c50c9e8de78 -> 
  custom:audio-decoder-ogg-vorbis: bf7c407c2cedff20999df2af8eb42d56 -> 
  custom:audio-encoder-webm-vorbis: bf7c407c2cedff20999df2af8eb42d56 -> 
========================================================================
Received Prepare
Registering precompiled user dll's ...
Registered in 0.006295 seconds.
Begin MonoManager ReloadAssembly
Native extension for WindowsStandalone target not found
Refreshing native plugins compatible for Editor in 0.61 ms, found 2 plugins.
Preloading 0 native plugins for Editor in 0.00 ms.
Mono: successfully reloaded assembly
- Completed reload, in  1.338 seconds
Platform modules already initialized, skipping
Shader 'Universal Render Pipeline/Particles/Lit': fallback shader 'Universal Render Pipeline/Particles/SimpleLit' not found
Refreshing native plugins compatible for Editor in 1.01 ms, found 2 plugins.
Preloading 0 native plugins for Editor in 0.00 ms.
Unloading 2634 Unused Serialized files (Serialized files now loaded: 0)
System memory in use before: 117.1 MB.
System memory in use after: 117.3 MB.

Unloading 14 unused Assets to reduce memory usage. Loaded Objects now: 3192.
Total: 2.938200 ms (FindLiveObjects: 0.294500 ms CreateObjectMapping: 0.133300 ms MarkObjects: 2.479500 ms  DeleteObjects: 0.029200 ms)

AssetImportParameters requested are different than current active one (requested -> active):
  custom:framework-win-MediaFoundation: 216162199b28c13a410421893ffa2e32 -> 
  custom:video-decoder-ogg-theora: a1e56fd34408186e4bbccfd4996cb3dc -> 
  custom:container-muxer-webm: aa71ff27fc2769a1b78a27578f13a17b -> 
  custom:container-demuxer-webm: 4f35f7cbe854078d1ac9338744f61a02 -> 
  custom:container-demuxer-ogg: 62fdf1f143b41e24485cea50d1cbac27 -> 
  custom:video-encoder-webm-vp8: eb34c28f22e8b96e1ab97ce403110664 -> 
  custom:video-decoder-webm-vp8: 9c59270c3fd7afecdb556c50c9e8de78 -> 
  custom:audio-decoder-ogg-vorbis: bf7c407c2cedff20999df2af8eb42d56 -> 
  custom:audio-encoder-webm-vorbis: bf7c407c2cedff20999df2af8eb42d56 -> 
========================================================================
Received Import Request.
  Time since last request: 466.243170 seconds.
  path: Assets/Scripts/MenuUIHandler.cs
  artifactKey: Guid(b5fdfdf1c56785947bd9d5830598e09e) Importer(815301076,1909f56bfc062723c751e8b465ee728b)
Start importing Assets/Scripts/MenuUIHandler.cs using Guid(b5fdfdf1c56785947bd9d5830598e09e) Importer(815301076,1909f56bfc062723c751e8b465ee728b)  -> (artifact id: '5f155ca83c7f7170a5209b25baeab97c') in 0.009736 seconds 
  Import took 0.016394 seconds .

========================================================================
Received Import Request.
  Time since last request: 1.114398 seconds.
  path: Assets/Scripts/MenuUIHandler.cs
  artifactKey: Guid(b5fdfdf1c56785947bd9d5830598e09e) Importer(815301076,1909f56bfc062723c751e8b465ee728b)
Start importing Assets/Scripts/MenuUIHandler.cs using Guid(b5fdfdf1c56785947bd9d5830598e09e) Importer(815301076,1909f56bfc062723c751e8b465ee728b)  -> (artifact id: '5f155ca83c7f7170a5209b25baeab97c') in 0.002848 seconds 
  Import took 0.008644 seconds .

========================================================================
Received Prepare
Registering precompiled user dll's ...
Registered in 0.006330 seconds.
Begin MonoManager ReloadAssembly
Native extension for WindowsStandalone target not found
Refreshing native plugins compatible for Editor in 0.60 ms, found 2 plugins.
Preloading 0 native plugins for Editor in 0.00 ms.
Mono: successfully reloaded assembly
- Completed reload, in  1.298 seconds
Platform modules already initialized, skipping
Shader 'Universal Render Pipeline/Particles/Lit': fallback shader 'Universal Render Pipeline/Particles/SimpleLit' not found
Refreshing native plugins compatible for Editor in 0.68 ms, found 2 plugins.
Preloading 0 native plugins for Editor in 0.00 ms.
Unloading 2634 Unused Serialized files (Serialized files now loaded: 0)
System memory in use before: 117.1 MB.
System memory in use after: 117.3 MB.

Unloading 14 unused Assets to reduce memory usage. Loaded Objects now: 3195.
Total: 3.212300 ms (FindLiveObjects: 0.420700 ms CreateObjectMapping: 0.306700 ms MarkObjects: 2.459200 ms  DeleteObjects: 0.023800 ms)

AssetImportParameters requested are different than current active one (requested -> active):
  custom:framework-win-MediaFoundation: 216162199b28c13a410421893ffa2e32 -> 
  custom:video-decoder-ogg-theora: a1e56fd34408186e4bbccfd4996cb3dc -> 
  custom:container-muxer-webm: aa71ff27fc2769a1b78a27578f13a17b -> 
  custom:container-demuxer-webm: 4f35f7cbe854078d1ac9338744f61a02 -> 
  custom:container-demuxer-ogg: 62fdf1f143b41e24485cea50d1cbac27 -> 
  custom:video-encoder-webm-vp8: eb34c28f22e8b96e1ab97ce403110664 -> 
  custom:video-decoder-webm-vp8: 9c59270c3fd7afecdb556c50c9e8de78 -> 
  custom:audio-decoder-ogg-vorbis: bf7c407c2cedff20999df2af8eb42d56 -> 
  custom:audio-encoder-webm-vorbis: bf7c407c2cedff20999df2af8eb42d56 -> 
========================================================================
Received Import Request.
  Time since last request: 147.590238 seconds.
  path: Assets/Scripts/MenuUIHandler.cs
  artifactKey: Guid(b5fdfdf1c56785947bd9d5830598e09e) Importer(815301076,1909f56bfc062723c751e8b465ee728b)
Start importing Assets/Scripts/MenuUIHandler.cs using Guid(b5fdfdf1c56785947bd9d5830598e09e) Importer(815301076,1909f56bfc062723c751e8b465ee728b)  -> (artifact id: 'f34a3ba40be4e8e53ef8f4516c9ebe8d') in 0.006879 seconds 
  Import took 0.011912 seconds .

========================================================================
Received Import Request.
  Time since last request: 5.435557 seconds.
  path: Assets/Data/BoxResource.asset
  artifactKey: Guid(e33426cca62239f4f9d376e16e5ecb0c) Importer(815301076,1909f56bfc062723c751e8b465ee728b)
Start importing Assets/Data/BoxResource.asset using Guid(e33426cca62239f4f9d376e16e5ecb0c) Importer(815301076,1909f56bfc062723c751e8b465ee728b)  -> (artifact id: 'd781c0f90b3803ceca604dbaad5707aa') in 0.018642 seconds 
  Import took 0.023466 seconds .

========================================================================
Received Import Request.
  Time since last request: 0.000687 seconds.
  path: Assets/Data/CylinderResource.asset
  artifactKey: Guid(4d05ee76fded8d8498e3f674935c4def) Importer(815301076,1909f56bfc062723c751e8b465ee728b)
Start importing Assets/Data/CylinderResource.asset using Guid(4d05ee76fded8d8498e3f674935c4def) Importer(815301076,1909f56bfc062723c751e8b465ee728b)  -> (artifact id: 'ed02bbda8a65fe1158615dd1d6c66ddf') in 0.008833 seconds 
  Import took 0.014497 seconds .

========================================================================
Received Import Request.
  Time since last request: 0.000537 seconds.
  path: Assets/Data/ResourcesDatabase.asset
  artifactKey: Guid(eac40d5a11488c94dbf95ec31bbd2122) Importer(815301076,1909f56bfc062723c751e8b465ee728b)
Start importing Assets/Data/ResourcesDatabase.asset using Guid(eac40d5a11488c94dbf95ec31bbd2122) Importer(815301076,1909f56bfc062723c751e8b465ee728b)  -> (artifact id: '431b7b099be61c31cb2d3da797296ba9') in 0.011735 seconds 
  Import took 0.017156 seconds .

========================================================================
Received Import Request.
  Time since last request: 0.592832 seconds.
  path: Assets/Prefabs/ProductivityUnit.prefab
  artifactKey: Guid(16dd4f9b087d73f4096a0216d9dab6ab) Importer(815301076,1909f56bfc062723c751e8b465ee728b)
Start importing Assets/Prefabs/ProductivityUnit.prefab using Guid(16dd4f9b087d73f4096a0216d9dab6ab) Importer(815301076,1909f56bfc062723c751e8b465ee728b)  -> (artifact id: 'c8574480089ff56fa7ccb97367f3dfbf') in 0.657406 seconds 
  Import took 0.663437 seconds .

========================================================================
Received Import Request.
  Time since last request: 0.000706 seconds.
  path: Assets/Prefabs/TransporterUnit.prefab
  artifactKey: Guid(2a70994ccfb8c10458381d3fb3626547) Importer(815301076,1909f56bfc062723c751e8b465ee728b)
Start importing Assets/Prefabs/TransporterUnit.prefab using Guid(2a70994ccfb8c10458381d3fb3626547) Importer(815301076,1909f56bfc062723c751e8b465ee728b)  -> (artifact id: 'b35afed8f46c9e2fccce817c54d6fde7') in 0.024182 seconds 
  Import took 0.030097 seconds .

========================================================================
Received Import Request.
  Time since last request: 70.878004 seconds.
  path: Assets/Models/Decoration_Boxes_0.fbx
  artifactKey: Guid(c67527085079b0e4bae49f140891b5f6) Importer(815301076,1909f56bfc062723c751e8b465ee728b)
Start importing Assets/Models/Decoration_Boxes_0.fbx using Guid(c67527085079b0e4bae49f140891b5f6) Importer(815301076,1909f56bfc062723c751e8b465ee728b)  -> (artifact id: '288747e86f4a6c171ce7873b17a35c56') in 0.336232 seconds 
  Import took 0.342522 seconds .

========================================================================
Received Import Request.
  Time since last request: 0.000543 seconds.
  path: Assets/Models/Hangar.fbx
  artifactKey: Guid(96f8402ad64f6864baee4099c68c7f24) Importer(815301076,1909f56bfc062723c751e8b465ee728b)
Start importing Assets/Models/Hangar.fbx using Guid(96f8402ad64f6864baee4099c68c7f24) Importer(815301076,1909f56bfc062723c751e8b465ee728b)  -> (artifact id: '3014a3ec65d09470f3fbdf3fc2f81148') in 0.027010 seconds 
  Import took 0.031697 seconds .

========================================================================
Received Import Request.
  Time since last request: 0.000655 seconds.
  path: Assets/Models/Resources_0.fbx
  artifactKey: Guid(519bc0f85b74e2e4090da80b37dc48a8) Importer(815301076,1909f56bfc062723c751e8b465ee728b)
Start importing Assets/Models/Resources_0.fbx using Guid(519bc0f85b74e2e4090da80b37dc48a8) Importer(815301076,1909f56bfc062723c751e8b465ee728b)  -> (artifact id: '132bf5cb5ca4a9371b89b7752f6f4c5f') in 0.045385 seconds 
  Import took 0.052300 seconds .

========================================================================
Received Import Request.
  Time since last request: 0.000495 seconds.
  path: Assets/Animations/Randy@Walk.fbx
  artifactKey: Guid(93b27a9ee1d3bfd43a9fdf8ff9fcd50d) Importer(815301076,1909f56bfc062723c751e8b465ee728b)
Start importing Assets/Animations/Randy@Walk.fbx using Guid(93b27a9ee1d3bfd43a9fdf8ff9fcd50d) Importer(815301076,1909f56bfc062723c751e8b465ee728b)  -> (artifact id: '25d3aa9e989cdceff2f5c0530324641a') in 0.064563 seconds 
  Import took 0.070016 seconds .

========================================================================
Received Import Request.
  Time since last request: 0.000450 seconds.
  path: Assets/Models/Forklift.fbx
  artifactKey: Guid(dea5c46ca71356b4f982a5963079ed96) Importer(815301076,1909f56bfc062723c751e8b465ee728b)
Start importing Assets/Models/Forklift.fbx using Guid(dea5c46ca71356b4f982a5963079ed96) Importer(815301076,1909f56bfc062723c751e8b465ee728b)  -> (artifact id: '31f21812968e7a54385d6246f25d5ffc') in 0.053336 seconds 
  Import took 0.057892 seconds .

========================================================================
Received Import Request.
  Time since last request: 0.000400 seconds.
  path: Assets/Animations/Randy@Idle.fbx
  artifactKey: Guid(8b273f7ab566d7440832e28f84f81e45) Importer(815301076,1909f56bfc062723c751e8b465ee728b)
Start importing Assets/Animations/Randy@Idle.fbx using Guid(8b273f7ab566d7440832e28f84f81e45) Importer(815301076,1909f56bfc062723c751e8b465ee728b)  -> (artifact id: 'f4db93a36815f4873f31843e3a7c7f91') in 0.054712 seconds 
  Import took 0.060484 seconds .

========================================================================
Received Import Request.
  Time since last request: 0.000491 seconds.
  path: Assets/Models/Truck.fbx
  artifactKey: Guid(d70a04ee80add1e4581e8e26f7b69bc0) Importer(815301076,1909f56bfc062723c751e8b465ee728b)
Start importing Assets/Models/Truck.fbx using Guid(d70a04ee80add1e4581e8e26f7b69bc0) Importer(815301076,1909f56bfc062723c751e8b465ee728b)  -> (artifact id: 'ffa3e0b036843b601b2b38e7e0d09269') in 0.028482 seconds 
  Import took 0.033714 seconds .

========================================================================
Received Import Request.
  Time since last request: 0.000610 seconds.
  path: Assets/Models/Resources_1.fbx
  artifactKey: Guid(1b5fe13da16de1448b330ae923a13938) Importer(815301076,1909f56bfc062723c751e8b465ee728b)
Start importing Assets/Models/Resources_1.fbx using Guid(1b5fe13da16de1448b330ae923a13938) Importer(815301076,1909f56bfc062723c751e8b465ee728b)  -> (artifact id: '76d0ae93dbbd819edd02fd1d338a97a8') in 0.033917 seconds 
  Import took 0.039744 seconds .

========================================================================
Received Import Request.
  Time since last request: 0.000929 seconds.
  path: Assets/Models/Resources_Base.fbx
  artifactKey: Guid(cae151db58c0e964a912503fc7e8093a) Importer(815301076,1909f56bfc062723c751e8b465ee728b)
Start importing Assets/Models/Resources_Base.fbx using Guid(cae151db58c0e964a912503fc7e8093a) Importer(815301076,1909f56bfc062723c751e8b465ee728b)  -> (artifact id: '70449e32aae7c08e29691b6bf9a0fb4a') in 0.029947 seconds 
  Import took 0.035994 seconds .

========================================================================
Received Import Request.
  Time since last request: 0.000500 seconds.
  path: Assets/Models/Worker.fbx
  artifactKey: Guid(3bff3e8b6628bea488b595c8ffe0e63e) Importer(815301076,1909f56bfc062723c751e8b465ee728b)
Start importing Assets/Models/Worker.fbx using Guid(3bff3e8b6628bea488b595c8ffe0e63e) Importer(815301076,1909f56bfc062723c751e8b465ee728b)  -> (artifact id: 'ab6896c3a7d39b98b98199f03f5f30e0') in 0.049245 seconds 
  Import took 0.054760 seconds .

========================================================================
Received Import Request.
  Time since last request: 0.000459 seconds.
  path: Assets/Models/DropPoint.fbx
  artifactKey: Guid(c5aa5070ecc894b41b2ffc0552aa423d) Importer(815301076,1909f56bfc062723c751e8b465ee728b)
Start importing Assets/Models/DropPoint.fbx using Guid(c5aa5070ecc894b41b2ffc0552aa423d) Importer(815301076,1909f56bfc062723c751e8b465ee728b)  -> (artifact id: '2712b3ec909e640f1f015a554d4b9661') in 0.031191 seconds 
  Import took 0.036414 seconds .

========================================================================
Received Import Request.
  Time since last request: 0.000797 seconds.
  path: Assets/Models/Rack.fbx
  artifactKey: Guid(2149f6b13653e5d4dac36b5fc5a51a88) Importer(815301076,1909f56bfc062723c751e8b465ee728b)
Start importing Assets/Models/Rack.fbx using Guid(2149f6b13653e5d4dac36b5fc5a51a88) Importer(815301076,1909f56bfc062723c751e8b465ee728b)  -> (artifact id: '37d3e90f0e3b134f4d4e795465cf512e') in 0.033611 seconds 
  Import took 0.040337 seconds .

========================================================================
Received Import Request.
  Time since last request: 11.509306 seconds.
  path: Assets/Scripts
  artifactKey: Guid(22d1a29814289d446a56f4e9b2493174) Importer(815301076,1909f56bfc062723c751e8b465ee728b)
Start importing Assets/Scripts using Guid(22d1a29814289d446a56f4e9b2493174) Importer(815301076,1909f56bfc062723c751e8b465ee728b)  -> (artifact id: 'df06449c0ad81fb5eda457b88620e2e7') in 0.008591 seconds 
  Import took 0.013774 seconds .

========================================================================
Received Import Request.
  Time since last request: 0.001241 seconds.
  path: Assets/Scripts
  artifactKey: Guid(22d1a29814289d446a56f4e9b2493174) Importer(815301076,1909f56bfc062723c751e8b465ee728b)
Start importing Assets/Scripts using Guid(22d1a29814289d446a56f4e9b2493174) Importer(815301076,1909f56bfc062723c751e8b465ee728b)  -> (artifact id: 'df06449c0ad81fb5eda457b88620e2e7') in 0.002829 seconds 
  Import took 0.008369 seconds .

========================================================================
Received Import Request.
  Time since last request: 13.894142 seconds.
  path: Assets/Data
  artifactKey: Guid(e3f82c64312f4424885cb7e69f0acbdd) Importer(815301076,1909f56bfc062723c751e8b465ee728b)
Start importing Assets/Data using Guid(e3f82c64312f4424885cb7e69f0acbdd) Importer(815301076,1909f56bfc062723c751e8b465ee728b)  -> (artifact id: '76886729b3c88f488467f43db29ef102') in 0.010535 seconds 
  Import took 0.015776 seconds .

========================================================================
Received Import Request.
  Time since last request: 0.001185 seconds.
  path: Assets/Data
  artifactKey: Guid(e3f82c64312f4424885cb7e69f0acbdd) Importer(815301076,1909f56bfc062723c751e8b465ee728b)
Start importing Assets/Data using Guid(e3f82c64312f4424885cb7e69f0acbdd) Importer(815301076,1909f56bfc062723c751e8b465ee728b)  -> (artifact id: '76886729b3c88f488467f43db29ef102') in 0.003060 seconds 
  Import took 0.009195 seconds .

========================================================================
Received Import Request.
  Time since last request: 12.385087 seconds.
  path: Assets/Scripts/Helpers
  artifactKey: Guid(bf1956b2053180f498601f6331c26351) Importer(815301076,1909f56bfc062723c751e8b465ee728b)
Start importing Assets/Scripts/Helpers using Guid(bf1956b2053180f498601f6331c26351) Importer(815301076,1909f56bfc062723c751e8b465ee728b)  -> (artifact id: '112bc86c0708d793574fde0aa17918bc') in 0.010059 seconds 
  Import took 0.015243 seconds .

========================================================================
Received Import Request.
  Time since last request: 1.286420 seconds.
  path: Assets/Scripts/Helpers/ResourceItem.cs
  artifactKey: Guid(4cbe7725c3046414b9ffa46e64705f7b) Importer(815301076,1909f56bfc062723c751e8b465ee728b)
Start importing Assets/Scripts/Helpers/ResourceItem.cs using Guid(4cbe7725c3046414b9ffa46e64705f7b) Importer(815301076,1909f56bfc062723c751e8b465ee728b)  -> (artifact id: '03fa0427d9c6c1b03f839727db233d68') in 0.013263 seconds 
  Import took 0.019071 seconds .

========================================================================
Received Import Request.
  Time since last request: 0.001651 seconds.
  path: Assets/Scripts/Helpers/ResourceItem.cs
  artifactKey: Guid(4cbe7725c3046414b9ffa46e64705f7b) Importer(815301076,1909f56bfc062723c751e8b465ee728b)
Start importing Assets/Scripts/Helpers/ResourceItem.cs using Guid(4cbe7725c3046414b9ffa46e64705f7b) Importer(815301076,1909f56bfc062723c751e8b465ee728b)  -> (artifact id: '03fa0427d9c6c1b03f839727db233d68') in 0.003727 seconds 
  Import took 0.009711 seconds .

========================================================================
Received Import Request.
  Time since last request: 1.043639 seconds.
  path: Assets/Scripts/Helpers/ResourceDatabase.cs
  artifactKey: Guid(a0cd956055cb2f742a1e35d94bc1cc1d) Importer(815301076,1909f56bfc062723c751e8b465ee728b)
Start importing Assets/Scripts/Helpers/ResourceDatabase.cs using Guid(a0cd956055cb2f742a1e35d94bc1cc1d) Importer(815301076,1909f56bfc062723c751e8b465ee728b)  -> (artifact id: '5280b886172d09b09740fae1a1bd8574') in 0.008813 seconds 
  Import took 0.013647 seconds .

========================================================================
Received Import Request.
  Time since last request: 0.014683 seconds.
  path: Assets/Scripts/Helpers/ResourceDatabase.cs
  artifactKey: Guid(a0cd956055cb2f742a1e35d94bc1cc1d) Importer(815301076,1909f56bfc062723c751e8b465ee728b)
Start importing Assets/Scripts/Helpers/ResourceDatabase.cs using Guid(a0cd956055cb2f742a1e35d94bc1cc1d) Importer(815301076,1909f56bfc062723c751e8b465ee728b)  -> (artifact id: '5280b886172d09b09740fae1a1bd8574') in 0.003128 seconds 
  Import took 0.008815 seconds .

========================================================================
Received Prepare
Registering precompiled user dll's ...
Registered in 0.005455 seconds.
Begin MonoManager ReloadAssembly
Native extension for WindowsStandalone target not found
Refreshing native plugins compatible for Editor in 0.92 ms, found 2 plugins.
Preloading 0 native plugins for Editor in 0.00 ms.
Mono: successfully reloaded assembly
- Completed reload, in  1.535 seconds
Platform modules already initialized, skipping
Shader 'Universal Render Pipeline/Particles/Lit': fallback shader 'Universal Render Pipeline/Particles/SimpleLit' not found
Refreshing native plugins compatible for Editor in 0.67 ms, found 2 plugins.
Preloading 0 native plugins for Editor in 0.00 ms.
Unloading 2634 Unused Serialized files (Serialized files now loaded: 0)
System memory in use before: 136.5 MB.
System memory in use after: 136.7 MB.

Unloading 14 unused Assets to reduce memory usage. Loaded Objects now: 3280.
Total: 2.650600 ms (FindLiveObjects: 0.263700 ms CreateObjectMapping: 0.117100 ms MarkObjects: 2.242700 ms  DeleteObjects: 0.025700 ms)

AssetImportParameters requested are different than current active one (requested -> active):
  custom:framework-win-MediaFoundation: 216162199b28c13a410421893ffa2e32 -> 
  custom:video-decoder-ogg-theora: a1e56fd34408186e4bbccfd4996cb3dc -> 
  custom:container-muxer-webm: aa71ff27fc2769a1b78a27578f13a17b -> 
  custom:container-demuxer-webm: 4f35f7cbe854078d1ac9338744f61a02 -> 
  custom:container-demuxer-ogg: 62fdf1f143b41e24485cea50d1cbac27 -> 
  custom:video-encoder-webm-vp8: eb34c28f22e8b96e1ab97ce403110664 -> 
  custom:video-decoder-webm-vp8: 9c59270c3fd7afecdb556c50c9e8de78 -> 
  custom:audio-decoder-ogg-vorbis: bf7c407c2cedff20999df2af8eb42d56 -> 
  custom:audio-encoder-webm-vorbis: bf7c407c2cedff20999df2af8eb42d56 -> 
========================================================================
Received Import Request.
  Time since last request: 54.779536 seconds.
  path: Assets/Scripts/UI/UIMainScene.cs
  artifactKey: Guid(2e89bb6e6749e044e9a9b103f0ad5bc5) Importer(815301076,1909f56bfc062723c751e8b465ee728b)
Start importing Assets/Scripts/UI/UIMainScene.cs using Guid(2e89bb6e6749e044e9a9b103f0ad5bc5) Importer(815301076,1909f56bfc062723c751e8b465ee728b)  -> (artifact id: 'a4e400fa9ead7a3d58413d3b3ad50f07') in 0.006857 seconds 
  Import took 0.011830 seconds .

========================================================================
Received Prepare
Registering precompiled user dll's ...
Registered in 0.005706 seconds.
Begin MonoManager ReloadAssembly
Native extension for WindowsStandalone target not found
Refreshing native plugins compatible for Editor in 0.61 ms, found 2 plugins.
Preloading 0 native plugins for Editor in 0.00 ms.
Mono: successfully reloaded assembly
- Completed reload, in  1.296 seconds
Platform modules already initialized, skipping
Shader 'Universal Render Pipeline/Particles/Lit': fallback shader 'Universal Render Pipeline/Particles/SimpleLit' not found
Refreshing native plugins compatible for Editor in 0.97 ms, found 2 plugins.
Preloading 0 native plugins for Editor in 0.00 ms.
Unloading 2634 Unused Serialized files (Serialized files now loaded: 0)
System memory in use before: 136.6 MB.
System memory in use after: 136.8 MB.

Unloading 14 unused Assets to reduce memory usage. Loaded Objects now: 3283.
Total: 3.322300 ms (FindLiveObjects: 0.324000 ms CreateObjectMapping: 0.241600 ms MarkObjects: 2.722900 ms  DeleteObjects: 0.032500 ms)

AssetImportParameters requested are different than current active one (requested -> active):
  custom:framework-win-MediaFoundation: 216162199b28c13a410421893ffa2e32 -> 
  custom:video-decoder-ogg-theora: a1e56fd34408186e4bbccfd4996cb3dc -> 
  custom:container-muxer-webm: aa71ff27fc2769a1b78a27578f13a17b -> 
  custom:container-demuxer-webm: 4f35f7cbe854078d1ac9338744f61a02 -> 
  custom:container-demuxer-ogg: 62fdf1f143b41e24485cea50d1cbac27 -> 
  custom:video-encoder-webm-vp8: eb34c28f22e8b96e1ab97ce403110664 -> 
  custom:video-decoder-webm-vp8: 9c59270c3fd7afecdb556c50c9e8de78 -> 
  custom:audio-decoder-ogg-vorbis: bf7c407c2cedff20999df2af8eb42d56 -> 
  custom:audio-encoder-webm-vorbis: bf7c407c2cedff20999df2af8eb42d56 -> 
========================================================================
Received Import Request.
  Time since last request: 102.469287 seconds.
  path: Assets/Scenes/Main.unity
  artifactKey: Guid(49eb575efe7f42741b60381cc0e8b633) Importer(815301076,1909f56bfc062723c751e8b465ee728b)
Start importing Assets/Scenes/Main.unity using Guid(49eb575efe7f42741b60381cc0e8b633) Importer(815301076,1909f56bfc062723c751e8b465ee728b)  -> (artifact id: '4f2acaa8056f9b0e12049c8dd17469c0') in 0.029516 seconds 
  Import took 0.035221 seconds .

========================================================================
Received Import Request.
  Time since last request: 25.677529 seconds.
  path: Assets/Sprites/Icon_Money.png
  artifactKey: Guid(b42f1aab5038c1b4182a40be6cc0b232) Importer(815301076,1909f56bfc062723c751e8b465ee728b)
Start importing Assets/Sprites/Icon_Money.png using Guid(b42f1aab5038c1b4182a40be6cc0b232) Importer(815301076,1909f56bfc062723c751e8b465ee728b)  -> (artifact id: 'ae12203d3ba66015d34d07731c277038') in 0.067666 seconds 
  Import took 0.072690 seconds .

========================================================================
Received Import Request.
  Time since last request: 0.000495 seconds.
  path: Assets/Textures/CheckboxButton.png
  artifactKey: Guid(8a52204f05b3c0d4eaa7ccabc5bb3970) Importer(815301076,1909f56bfc062723c751e8b465ee728b)
Start importing Assets/Textures/CheckboxButton.png using Guid(8a52204f05b3c0d4eaa7ccabc5bb3970) Importer(815301076,1909f56bfc062723c751e8b465ee728b)  -> (artifact id: '1e829254f6e35b4dcd75280733a4a573') in 0.015193 seconds 
  Import took 0.019852 seconds .

========================================================================
Received Import Request.
  Time since last request: 0.000471 seconds.
  path: Assets/Sprites/Icon_Potion.png
  artifactKey: Guid(2bd8687e3aef89b4982a35d6fb664c89) Importer(815301076,1909f56bfc062723c751e8b465ee728b)
Start importing Assets/Sprites/Icon_Potion.png using Guid(2bd8687e3aef89b4982a35d6fb664c89) Importer(815301076,1909f56bfc062723c751e8b465ee728b)  -> (artifact id: '60d35c6eb745c7fd0df7d5c0a05396ab') in 0.018440 seconds 
  Import took 0.023853 seconds .

AssetImportWorkerClient::OnTransportError - code=2 error=End of file
